<?xml version="1.0" encoding="UTF-8"?>
<testsuite xmlns:xsi="http://www.w3.org/2001/XMLSchema-instance" xsi:noNamespaceSchemaLocation="https://maven.apache.org/surefire/maven-surefire-plugin/xsd/surefire-test-report-3.0.xsd" version="3.0" name="TestSuite" time="40.828" tests="4" errors="0" skipped="0" failures="0">
  <properties>
[...]
</properties>
  <testcase name="negativeSearchTest" classname="shops.Search" time="3.895">
    <system-out><![CDATA[firefox
chrome
chrome
]]></system-out>
    <system-err><![CDATA[Mar 14, 2021 1:00:11 PM org.openqa.selenium.remote.ProtocolHandshake createSession
INFO: Detected dialect: W3C
Mar 14, 2021 1:00:17 PM org.openqa.selenium.remote.ProtocolHandshake createSession
INFO: Detected dialect: W3C
]]></system-err>
  </testcase>
  <testcase name="negativeSearchTest" classname="shops.Search" time="15.194">
    <system-out><![CDATA[PASSED: negativeSearchTest
PASSED: postiveSearchTest

===============================================
    Search Test - Chrome
    Tests run: 2, Failures: 0, Skips: 0
===============================================

]]></system-out>
  </testcase>
  <testcase name="postiveSearchTest" classname="shops.Search" time="10.381"/>
  <testcase name="postiveSearchTest" classname="shops.Search" time="10.477"/>
</testsuite>